<?xml version="1.0" encoding="UTF-8"?>
<!-- Generated by org.testng.reporters.JUnitReportReporter -->
<testsuite hostname="LAPTOP-NLK7MN5D" failures="0" tests="2" name="TestLayer.AddPersonalInformationPageTest" time="0.331" errors="0" timestamp="2024-06-20T16:41:08 IST" skipped="0">
  <testcase classname="TestLayer.AddPersonalInformationPageTest" name="validatecheckoutPage" time="0.004"/>
  <system-out/>
  <testcase classname="TestLayer.AddPersonalInformationPageTest" name="addPersonalInformation" time="0.327"/>
  <system-out/>
</testsuite> <!-- TestLayer.AddPersonalInformationPageTest -->
