<?xml version="1.0" encoding="UTF-8"?>
<!-- Generated by org.testng.reporters.JUnitReportReporter -->
<testsuite hostname="LAPTOP-NLK7MN5D" failures="0" tests="3" name="TestLayer.AddToCartPageTest" time="0.434" errors="0" timestamp="2024-06-20T16:41:08 IST" skipped="0">
  <testcase classname="TestLayer.AddToCartPageTest" name="validateHomePageTitle" time="0.007"/>
  <system-out/>
  <testcase classname="TestLayer.AddToCartPageTest" name="validateHomePageURL" time="0.006"/>
  <system-out/>
  <testcase classname="TestLayer.AddToCartPageTest" name="validateAddToCartFunctionality" time="0.421"/>
  <system-out/>
</testsuite> <!-- TestLayer.AddToCartPageTest -->
