<?xml version="1.0" encoding="UTF-8"?>
<!-- Generated by org.testng.reporters.JUnitReportReporter -->
<testsuite hostname="LAPTOP-NLK7MN5D" failures="0" tests="2" name="TestLayer.OrderSuccessPageTest" time="0.766" errors="0" timestamp="2024-06-20T16:41:08 IST" skipped="0">
  <testcase classname="TestLayer.OrderSuccessPageTest" name="validateSuccessMessage" time="0.019"/>
  <system-out/>
  <testcase classname="TestLayer.OrderSuccessPageTest" name="validateLogOutFunctionality" time="0.747"/>
  <system-out/>
</testsuite> <!-- TestLayer.OrderSuccessPageTest -->
