<?xml version="1.0" encoding="UTF-8"?>
<!-- Generated by org.testng.reporters.JUnitReportReporter -->
<testsuite hostname="LAPTOP-NLK7MN5D" failures="0" tests="1" name="TestLayer.LoginPageTest" time="3.306" errors="0" timestamp="2024-06-20T16:41:08 IST" skipped="0">
  <testcase classname="TestLayer.LoginPageTest" name="validateLoginFunctionality" time="3.306"/>
  <system-out/>
</testsuite> <!-- TestLayer.LoginPageTest -->
