<?xml version="1.0" encoding="UTF-8"?>
<!-- Generated by org.testng.reporters.JUnitReportReporter -->
<testsuite hostname="DESKTOP-TVNRM50" failures="0" tests="1" name="TestLayer.SignUpPageTest" time="1.879" errors="0" timestamp="2024-06-20T09:05:45 IST" skipped="0">
  <testcase classname="TestLayer.SignUpPageTest" name="validateSignUpFunctionality" time="1.879"/>
  <system-out/>
</testsuite> <!-- TestLayer.SignUpPageTest -->
