<?xml version="1.0" encoding="UTF-8"?>
<!-- Generated by org.testng.reporters.JUnitReportReporter -->
<testsuite hostname="Praful" failures="0" tests="1" name="TestLayer.SauceDemoLoginPageTest" time="5.599" errors="0" timestamp="2024-06-23T19:59:37 IST" skipped="0">
  <testcase classname="TestLayer.SauceDemoLoginPageTest" name="validateLoginFunctionality" time="5.599"/>
  <system-out/>
</testsuite> <!-- TestLayer.SauceDemoLoginPageTest -->
