<?xml version="1.0" encoding="UTF-8"?>
<!-- Generated by org.testng.reporters.JUnitReportReporter -->
<testsuite hostname="Praful" failures="0" tests="1" name="TestLayer.HomePageTest" time="53.451" errors="0" timestamp="2024-06-23T08:47:37 IST" skipped="0">
  <testcase classname="TestLayer.HomePageTest" name="validateloginFunctionalityWithHandleWindow" time="53.451"/>
  <system-out/>
</testsuite> <!-- TestLayer.HomePageTest -->
