<?xml version="1.0" encoding="UTF-8"?>
<!-- Generated by org.testng.reporters.JUnitReportReporter -->
<testsuite hostname="Praful" failures="0" tests="1" name="TestLayer.RedBusHomePageTest" time="26.542" errors="0" timestamp="2024-06-23T09:29:53 IST" skipped="0">
  <testcase classname="TestLayer.RedBusHomePageTest" name="validateSearchFunctionality" time="26.542"/>
  <system-out/>
</testsuite> <!-- TestLayer.RedBusHomePageTest -->
