<?xml version="1.0" encoding="UTF-8"?>
<!-- Generated by org.testng.reporters.JUnitReportReporter -->
<testsuite hostname="LAPTOP-DB54UFPV" failures="0" tests="1" name="TestLayer.LoginPageTest" time="0.860" errors="0" timestamp="2024-06-21T08:46:48 IST" skipped="0">
  <testcase classname="TestLayer.LoginPageTest" name="validateLoginFunctionality" time="0.860"/>
  <system-out/>
</testsuite> <!-- TestLayer.LoginPageTest -->
