<?xml version="1.0" encoding="UTF-8"?>
<!-- Generated by org.testng.reporters.JUnitReportReporter -->
<testsuite hostname="LAPTOP-DB54UFPV" failures="0" tests="3" name="TestLayer.HomePageTest" time="0.201" errors="0" timestamp="2024-06-21T08:46:48 IST" skipped="0">
  <testcase classname="TestLayer.HomePageTest" name="validateHomePageTitle" time="0.133"/>
  <system-out/>
  <testcase classname="TestLayer.HomePageTest" name="validateHomePageUrl" time="0.025"/>
  <system-out/>
  <testcase classname="TestLayer.HomePageTest" name="validateHomePageLogo" time="0.043"/>
  <system-out/>
</testsuite> <!-- TestLayer.HomePageTest -->
