<?xml version="1.0" encoding="UTF-8"?>
<!-- Generated by org.testng.reporters.JUnitReportReporter -->
<testsuite hostname="LAPTOP-DB54UFPV" failures="0" tests="7" name="TestLayer.PimPageTest" time="140.269" errors="0" timestamp="2024-06-21T08:46:48 IST" skipped="0">
  <testcase classname="TestLayer.PimPageTest" name="validatePimUrl" time="0.889"/>
  <system-out/>
  <testcase classname="TestLayer.PimPageTest" name="validatePimPageFunctionality" time="22.559"/>
  <system-out/>
  <testcase classname="TestLayer.PimPageTest" name="validatePimPageFunctionality" time="23.389"/>
  <system-out/>
  <testcase classname="TestLayer.PimPageTest" name="validatePimPageFunctionality" time="23.592"/>
  <system-out/>
  <testcase classname="TestLayer.PimPageTest" name="validatePimPageFunctionality" time="23.482"/>
  <system-out/>
  <testcase classname="TestLayer.PimPageTest" name="validatePimPageFunctionality" time="23.193"/>
  <system-out/>
  <testcase classname="TestLayer.PimPageTest" name="validatePimPageFunctionality" time="23.165"/>
  <system-out/>
</testsuite> <!-- TestLayer.PimPageTest -->
