<?xml version="1.0" encoding="UTF-8"?>
<!-- Generated by org.testng.reporters.JUnitReportReporter -->
<testsuite hostname="LAPTOP-DB54UFPV" failures="0" tests="2" name="TestLayer.AdminPageTest" time="2.595" errors="0" timestamp="2024-06-21T08:46:48 IST" skipped="0">
  <testcase classname="TestLayer.AdminPageTest" name="validateCaptureCurrentUrl" time="0.943"/>
  <system-out/>
  <testcase classname="TestLayer.AdminPageTest" name="validateLogoutFunctionality" time="1.652"/>
  <system-out/>
</testsuite> <!-- TestLayer.AdminPageTest -->
