<?xml version="1.0" encoding="UTF-8"?>
<!-- Generated by org.testng.reporters.JUnitReportReporter -->
<testsuite hostname="LAPTOP-DB54UFPV" failures="0" tests="1" name="TestRunner.RunnerTest" time="9.970" errors="0" timestamp="2024-07-01T17:11:55 IST" skipped="0">
  <testcase classname="TestRunner.RunnerTest" name="runScenario" time="9.970"/>
  <system-out/>
</testsuite> <!-- TestRunner.RunnerTest -->
