<?xml version="1.0" encoding="UTF-8"?>
<!-- Generated by org.testng.reporters.JUnitReportReporter -->
<testsuite hostname="Praful" failures="0" tests="2" name="TestLayer.AdminPageTest" time="32.612" errors="0" timestamp="2024-06-10T20:43:51 IST" skipped="0">
  <testcase classname="TestLayer.AdminPageTest" name="validateUserOnAdminPage" time="6.013"/>
  <system-out/>
  <testcase classname="TestLayer.AdminPageTest" name="createUserCredentails" time="26.599"/>
  <system-out/>
</testsuite> <!-- TestLayer.AdminPageTest -->
