<?xml version="1.0" encoding="UTF-8"?>
<!-- Generated by org.testng.reporters.JUnitReportReporter -->
<testsuite hostname="DESKTOP-E8Q152A" failures="0" tests="1" name="TestLayer.LoginPageTest" time="5.319" errors="0" timestamp="2024-06-12T15:19:18 IST" skipped="0">
  <testcase classname="TestLayer.LoginPageTest" name="loginFunctionality" time="5.319"/>
  <system-out/>
</testsuite> <!-- TestLayer.LoginPageTest -->
