<?xml version="1.0" encoding="UTF-8"?>
<!-- Generated by org.testng.reporters.JUnitReportReporter -->
<testsuite hostname="Praful" failures="0" tests="3" name="TestLayer.HomePageTest" time="0.389" errors="0" timestamp="2024-06-10T20:58:29 IST" skipped="0">
  <testcase classname="TestLayer.HomePageTest" name="validateHomePageTitle" time="0.028"/>
  <system-out/>
  <testcase classname="TestLayer.HomePageTest" name="validateHomePageUrl" time="0.022"/>
  <system-out/>
  <testcase classname="TestLayer.HomePageTest" name="validateHomePageLogo" time="0.339"/>
  <system-out/>
</testsuite> <!-- TestLayer.HomePageTest -->
