<?xml version="1.0" encoding="UTF-8"?>
<!-- Generated by org.testng.reporters.JUnitReportReporter -->
<testsuite hostname="Praful" failures="0" tests="3" name="TestLayer.PIMPageTest" time="33.738" errors="0" timestamp="2024-06-10T20:58:29 IST" skipped="0">
  <testcase classname="TestLayer.PIMPageTest" name="validateUserOnPIMPage" time="6.192"/>
  <system-out/>
  <testcase classname="TestLayer.PIMPageTest" name="addNewUserInPIMPage" time="15.907"/>
  <system-out/>
  <testcase classname="TestLayer.PIMPageTest" name="searchUserInPIMPage" time="11.639"/>
  <system-out/>
</testsuite> <!-- TestLayer.PIMPageTest -->
