<?xml version="1.0" encoding="UTF-8"?>
<!-- Generated by org.testng.reporters.JUnitReportReporter -->
<testsuite hostname="Praful" failures="0" tests="1" name="TestLayer.Demo1" time="2.403" errors="0" timestamp="2024-06-29T09:39:38 IST" skipped="0">
  <testcase classname="TestLayer.Demo1" name="fbTest" time="2.403"/>
  <system-out/>
</testsuite> <!-- TestLayer.Demo1 -->
