<?xml version="1.0" encoding="UTF-8"?>
<!-- Generated by org.testng.reporters.JUnitReportReporter -->
<testsuite hostname="LAPTOP-DB54UFPV" failures="0" tests="2" name="TestLayer.AdminPageTest" time="2.775" errors="0" timestamp="2024-06-21T09:16:16 IST" skipped="0">
  <testcase classname="TestLayer.AdminPageTest" name="validateCaptureCurrentUrl" time="0.879"/>
  <system-out/>
  <testcase classname="TestLayer.AdminPageTest" name="validateLogoutFunctionality" time="1.896"/>
  <system-out/>
</testsuite> <!-- TestLayer.AdminPageTest -->
