<?xml version="1.0" encoding="UTF-8"?>
<!-- Generated by org.testng.reporters.JUnitReportReporter -->
<testsuite hostname="LAPTOP-DB54UFPV" failures="0" tests="7" name="TestLayer.PimPageTest" time="137.472" errors="0" timestamp="2024-06-21T09:16:16 IST" skipped="0">
  <testcase classname="TestLayer.PimPageTest" name="validatePimUrl" time="1.286"/>
  <system-out/>
  <testcase classname="TestLayer.PimPageTest" name="validatePimPageFunctionality" time="22.238"/>
  <system-out/>
  <testcase classname="TestLayer.PimPageTest" name="validatePimPageFunctionality" time="22.073"/>
  <system-out/>
  <testcase classname="TestLayer.PimPageTest" name="validatePimPageFunctionality" time="23.454"/>
  <system-out/>
  <testcase classname="TestLayer.PimPageTest" name="validatePimPageFunctionality" time="22.809"/>
  <system-out/>
  <testcase classname="TestLayer.PimPageTest" name="validatePimPageFunctionality" time="22.760"/>
  <system-out/>
  <testcase classname="TestLayer.PimPageTest" name="validatePimPageFunctionality" time="22.852"/>
  <system-out/>
</testsuite> <!-- TestLayer.PimPageTest -->
