<?xml version="1.0" encoding="UTF-8"?>
<!-- Generated by org.testng.reporters.JUnitReportReporter -->
<testsuite hostname="Praful" failures="0" tests="3" name="TestRunner.RunnerTest" time="43.974" errors="0" timestamp="2024-06-28T09:07:57 IST" skipped="0">
  <testcase classname="TestRunner.RunnerTest" name="runScenario" time="16.541"/>
  <system-out/>
  <testcase classname="TestRunner.RunnerTest" name="runScenario" time="18.813"/>
  <system-out/>
  <testcase classname="TestRunner.RunnerTest" name="runScenario" time="8.620"/>
  <system-out/>
</testsuite> <!-- TestRunner.RunnerTest -->
