<?xml version="1.0" encoding="UTF-8"?>
<!-- Generated by org.testng.reporters.JUnitReportReporter -->
<testsuite hostname="Praful" failures="0" tests="1" name="TestLayer.Demo1" time="5.317" errors="0" timestamp="2024-06-29T08:50:15 IST" skipped="0">
  <testcase classname="TestLayer.Demo1" name="fbTest" time="5.317"/>
  <system-out/>
</testsuite> <!-- TestLayer.Demo1 -->
