<?xml version="1.0" encoding="UTF-8"?>
<!-- Generated by org.testng.reporters.JUnitReportReporter -->
<testsuite hostname="DESKTOP-E8Q152A" failures="0" tests="1" name="TestLayer.LoginPageTest" time="1.863" errors="0" timestamp="2024-06-20T00:31:51 IST" skipped="0">
  <testcase classname="TestLayer.LoginPageTest" name="validateLoginFunctionality" time="1.863"/>
  <system-out/>
</testsuite> <!-- TestLayer.LoginPageTest -->
