<?xml version="1.0" encoding="UTF-8"?>
<!-- Generated by org.testng.reporters.JUnitReportReporter -->
<testsuite hostname="DESKTOP-E8Q152A" failures="0" tests="4" name="TestLayer.CompanyPageTest" time="19.248" errors="0" timestamp="2024-06-20T00:31:51 IST" skipped="0">
  <testcase classname="TestLayer.CompanyPageTest" name="validateUserOnCompanyPage" time="8.424"/>
  <system-out/>
  <testcase classname="TestLayer.CompanyPageTest" name="validateNewCompanyFunctionality" time="5.212"/>
  <system-out/>
  <testcase classname="TestLayer.CompanyPageTest" name="validateDeleteCompanyFunctionality" time="1.323"/>
  <system-out/>
  <testcase classname="TestLayer.CompanyPageTest" name="validateLogout" time="4.289"/>
  <system-out/>
</testsuite> <!-- TestLayer.CompanyPageTest -->
