<?xml version="1.0" encoding="UTF-8"?>
<!-- Generated by org.testng.reporters.JUnitReportReporter -->
<testsuite hostname="DESKTOP-E8Q152A" failures="0" tests="3" name="TestLayer.HomePageTest" time="2.257" errors="0" timestamp="2024-06-20T00:31:51 IST" skipped="0">
  <testcase classname="TestLayer.HomePageTest" name="validateHomePageTitle" time="0.060"/>
  <system-out/>
  <testcase classname="TestLayer.HomePageTest" name="validateHomePageUrl" time="0.011"/>
  <system-out/>
  <testcase classname="TestLayer.HomePageTest" name="validateHomePageLogo" time="2.186"/>
  <system-out/>
</testsuite> <!-- TestLayer.HomePageTest -->
