<?xml version="1.0" encoding="UTF-8"?>
<!-- Generated by org.testng.reporters.JUnitReportReporter -->
<testsuite hostname="DESKTOP-E8Q152A" failures="0" tests="3" name="TestLayer.ContactPageTest" time="7.896" errors="0" timestamp="2024-06-20T00:31:51 IST" skipped="0">
  <testcase classname="TestLayer.ContactPageTest" name="validateUserOnContactPage" time="2.718"/>
  <system-out/>
  <testcase classname="TestLayer.ContactPageTest" name="validateCreateNewContact" time="3.435"/>
  <system-out/>
  <testcase classname="TestLayer.ContactPageTest" name="validateDeleteContact" time="1.743"/>
  <system-out/>
</testsuite> <!-- TestLayer.ContactPageTest -->
