<?xml version="1.0" encoding="UTF-8"?>
<!-- Generated by org.testng.reporters.JUnitReportReporter -->
<testsuite hostname="DESKTOP-E8Q152A" failures="0" tests="4" name="TestLayer.InsuranceSignUpAndLoginTest" time="54.448" errors="0" timestamp="2024-06-04T12:01:04 IST" skipped="0">
  <testcase classname="TestLayer.InsuranceSignUpAndLoginTest" name="signUpFunctionalityTest" time="20.746"/>
  <system-out/>
  <testcase classname="TestLayer.InsuranceSignUpAndLoginTest" name="validateLoginFunctionalityTest" time="20.582"/>
  <system-out/>
  <testcase classname="TestLayer.InsuranceSignUpAndLoginTest" name="validateProfileFunctionality" time="5.162"/>
  <system-out/>
  <testcase classname="TestLayer.InsuranceSignUpAndLoginTest" name="validateLogoutFunctionality" time="7.958"/>
  <system-out/>
</testsuite> <!-- TestLayer.InsuranceSignUpAndLoginTest -->
