<?xml version="1.0" encoding="UTF-8"?>
<!-- Generated by org.testng.reporters.JUnitReportReporter -->
<testsuite hostname="Praful" failures="0" tests="3" name="TestLayer.FacebookTest" time="0.484" errors="0" timestamp="2024-06-30T09:03:25 IST" skipped="0">
  <testcase classname="TestLayer.FacebookTest" name="validateLoginFunctionality" time="0.430"/>
  <system-out/>
  <testcase classname="TestLayer.FacebookTest" name="validateHomePageTitle" time="0.016"/>
  <system-out/>
  <testcase classname="TestLayer.FacebookTest" name="validateHomePageUrl" time="0.038"/>
  <system-out/>
</testsuite> <!-- TestLayer.FacebookTest -->
