<?xml version="1.0" encoding="UTF-8"?>
<!-- Generated by org.testng.reporters.JUnitReportReporter -->
<testsuite hostname="Praful" failures="0" tests="4" name="TestLayer.HomePageTest" time="5.976" errors="0" timestamp="2024-06-30T09:03:25 IST" skipped="0">
  <testcase classname="TestLayer.HomePageTest" name="validateLoginFunctionality" time="4.221"/>
  <system-out/>
  <testcase classname="TestLayer.HomePageTest" name="validateHomePageTitle" time="0.007"/>
  <system-out/>
  <testcase classname="TestLayer.HomePageTest" name="validateHomePageUrl" time="0.014"/>
  <system-out/>
  <testcase classname="TestLayer.HomePageTest" name="validatePIMPageURl" time="1.734"/>
  <system-out/>
</testsuite> <!-- TestLayer.HomePageTest -->
